[2025-09-14 22:16:23] [INFO    ] discord.client: logging in using static token
[2025-09-14 22:16:23] [DEBUG   ] discord.http: GET https://discord.com/api/v10/users/@me with None has returned 200
[2025-09-14 22:16:23] [DEBUG   ] discord.http: GET /users/@me has found its initial rate limit bucket hash (78bb8553d9352a5a2f89f9def401287a).
[2025-09-14 22:16:23] [DEBUG   ] discord.http: GET https://discord.com/api/v10/users/@me has received {'id': '1416320091737292953', 'username': 'HSC_Bot', 'avatar': None, 'discriminator': '9260', 'public_flags': 0, 'flags': 0, 'bot': True, 'banner': None, 'accent_color': None, 'global_name': None, 'avatar_decoration_data': None, 'collectibles': None, 'display_name_styles': None, 'banner_color': None, 'clan': None, 'primary_guild': None, 'mfa_enabled': True, 'locale': 'en-US', 'premium_type': 0, 'email': None, 'verified': True, 'bio': ''}
[2025-09-14 22:16:24] [DEBUG   ] discord.http: GET https://discord.com/api/v10/oauth2/applications/@me with None has returned 200
[2025-09-14 22:16:24] [DEBUG   ] discord.http: GET /oauth2/applications/@me has found its initial rate limit bucket hash (d28a133af187e91d71d96a223467ce49).
[2025-09-14 22:16:24] [DEBUG   ] discord.http: GET https://discord.com/api/v10/oauth2/applications/@me has received {'id': '1416320091737292953', 'name': 'HSC_Bot', 'icon': None, 'description': '', 'type': None, 'bot': {'id': '1416320091737292953', 'username': 'HSC_Bot', 'avatar': None, 'discriminator': '9260', 'public_flags': 0, 'flags': 0, 'bot': True, 'banner': None, 'accent_color': None, 'global_name': None, 'avatar_decoration_data': None, 'collectibles': None, 'display_name_styles': None, 'banner_color': None, 'clan': None, 'primary_guild': None}, 'summary': '', 'is_monetized': False, 'is_verified': False, 'is_discoverable': False, 'bot_public': True, 'bot_require_code_grant': False, 'install_params': {'scopes': ['applications.commands'], 'permissions': '0'}, 'integration_types_config': {'0': {'oauth2_install_params': {'scopes': ['applications.commands'], 'permissions': '0'}}, '1': {'oauth2_install_params': {'scopes': ['applications.commands'], 'permissions': '0'}}}, 'verify_key': '3ff753ca83d7eae84501bde39660fa33ecec52336e884b6da0fe0d4d9ad24f36', 'flags': 557056, 'hook': True, 'storefront_available': False, 'redirect_uris': [], 'interactions_endpoint_url': None, 'role_connections_verification_url': None, 'owner': {'id': '888714509835980810', 'username': 'terrificbamboo', 'avatar': None, 'discriminator': '0', 'public_flags': 0, 'flags': 0, 'banner': None, 'accent_color': 16734720, 'global_name': 'TerrificBamboo', 'avatar_decoration_data': None, 'collectibles': None, 'display_name_styles': None, 'banner_color': '#ff5a00', 'clan': None, 'primary_guild': None}, 'approximate_guild_count': 1, 'approximate_user_install_count': 0, 'approximate_user_authorization_count': 0, 'interactions_event_types': [], 'interactions_version': 1, 'explicit_content_filter': 0, 'rpc_application_state': 0, 'store_application_state': 1, 'verification_state': 1, 'integration_public': True, 'integration_require_code_grant': False, 'discoverability_state': 1, 'discovery_eligibility_flags': 2272, 'monetization_state': 1, 'verification_eligibility_flags': 123804, 'monetization_eligibility_flags': 247524, 'team': None, 'internal_guild_restriction': 2, 'approved_consoles': [], 'pricing_localization_strategy': 'localized_price_sets'}
[2025-09-14 22:16:24] [DEBUG   ] discord.gateway: Created websocket connected to wss://gateway.discord.gg/
[2025-09-14 22:16:24] [DEBUG   ] discord.gateway: For Shard ID None: WebSocket Event: {'t': None, 's': None, 'op': 10, 'd': {'heartbeat_interval': 41250, '_trace': ['["gateway-prd-arm-us-east1-b-51cx",{"micros":0.0}]']}}
[2025-09-14 22:16:24] [DEBUG   ] discord.gateway: Shard ID None has sent the IDENTIFY payload.
[2025-09-14 22:16:24] [DEBUG   ] discord.gateway: For Shard ID None: WebSocket Event: {'t': None, 's': None, 'op': 11, 'd': None}
[2025-09-14 22:16:25] [DEBUG   ] discord.gateway: For Shard ID None: WebSocket Event: {'t': 'READY', 's': 1, 'op': 0, 'd': {'v': 10, 'user_settings': {}, 'user': {'verified': True, 'username': 'HSC_Bot', 'primary_guild': None, 'mfa_enabled': True, 'id': '1416320091737292953', 'global_name': None, 'flags': 0, 'email': None, 'discriminator': '9260', 'clan': None, 'bot': True, 'avatar': None}, 'session_type': 'normal', 'session_id': '3cd94202207af1eba9d04d8c8a4e0ade', 'resume_gateway_url': 'wss://gateway-us-east1-b.discord.gg', 'relationships': [], 'private_channels': [], 'presences': [], 'guilds': [{'unavailable': True, 'id': '1416321594866794508'}], 'guild_join_requests': [], 'geo_ordered_rtc_regions': ['sydney', 'singapore', 'hongkong', 'japan', 'india'], 'game_relationships': [], 'auth': {}, 'application': {'id': '1416320091737292953', 'flags': 557056}, '_trace': ['["gateway-prd-arm-us-east1-b-51cx",{"micros":297532,"calls":["id_created",{"micros":415,"calls":[]},"session_lookup_time",{"micros":5846,"calls":[]},"session_lookup_finished",{"micros":13,"calls":[]},"discord-sessions-prd-2-43",{"micros":290824,"calls":["start_session",{"micros":259783,"calls":["discord-api-rpc-6c68f9c9d5-rmp6s",{"micros":195803,"calls":["get_user",{"micros":33325},"get_guilds",{"micros":15996},"send_scheduled_deletion_message",{"micros":15},"guild_join_requests",{"micros":5},"authorized_ip_coro",{"micros":16},"pending_payments",{"micros":30997},"apex_experiments",{"micros":3762},"user_activities",{"micros":6},"played_application_ids",{"micros":3}]}]},"starting_guild_connect",{"micros":30,"calls":[]},"presence_started",{"micros":7824,"calls":[]},"guilds_started",{"micros":80,"calls":[]},"lobbies_started",{"micros":0,"calls":[]},"guilds_connect",{"micros":1,"calls":[]},"presence_connect",{"micros":23089,"calls":[]},"connect_finished",{"micros":23094,"calls":[]},"build_ready",{"micros":11,"calls":[]},"clean_ready",{"micros":1,"calls":[]},"optimize_ready",{"micros":0,"calls":[]},"split_ready",{"micros":0,"calls":[]}]}]}]']}}
[2025-09-14 22:16:25] [DEBUG   ] discord.client: Dispatching event socket_event_type
[2025-09-14 22:16:25] [INFO    ] discord.gateway: Shard ID None has connected to Gateway (Session ID: 3cd94202207af1eba9d04d8c8a4e0ade).
[2025-09-14 22:16:25] [DEBUG   ] discord.client: Dispatching event connect
[2025-09-14 22:16:25] [DEBUG   ] discord.gateway: For Shard ID None: WebSocket Event: {'t': 'GUILD_CREATE', 's': 2, 'op': 0, 'd': {'moderator_reporting': None, 'premium_features': None, 'max_video_channel_users': 25, 'max_members': 25000000, 'explicit_content_filter': 0, 'preferred_locale': 'en-US', 'channels': [{'version': 1757747782432, 'type': 4, 'position': 0, 'permission_overwrites': [], 'name': 'Text channels', 'id': '1416321595831615529', 'flags': 0}, {'version': 1757747782435, 'type': 4, 'position': 0, 'permission_overwrites': [], 'name': 'Voice channels', 'id': '1416321595831615530', 'flags': 0}, {'version': 1757747782442, 'type': 0, 'topic': None, 'rate_limit_per_user': 0, 'position': 0, 'permission_overwrites': [], 'parent_id': '1416321595831615529', 'name': 'general', 'last_message_id': '1416321716627439667', 'id': '1416321595831615531', 'icon_emoji': {'name': '👋', 'id': None}, 'flags': 0}, {'version': 1757747782452, 'user_limit': 0, 'type': 2, 'rtc_region': None, 'rate_limit_per_user': 0, 'position': 0, 'permission_overwrites': [], 'parent_id': '1416321595831615530', 'name': 'General', 'last_message_id': None, 'id': '1416321595831615532', 'icon_emoji': {'name': '🎙', 'id': None}, 'flags': 0, 'bitrate': 64000}, {'version': 1757748612755, 'type': 0, 'topic': None, 'rate_limit_per_user': 0, 'position': 1, 'permission_overwrites': [], 'parent_id': '1416321595831615529', 'name': 'hsc-english-adv', 'last_message_id': '1416335346139922442', 'id': '1416325078420820141', 'flags': 0}], 'profile': None, 'roles': [{'version': 1757747782418, 'unicode_emoji': None, 'tags': {}, 'position': 0, 'permissions': '2248473465835073', 'name': '@everyone', 'mentionable': False, 'managed': False, 'id': '1416321594866794508', 'icon': None, 'hoist': False, 'flags': 0, 'colors': {'tertiary_color': None, 'secondary_color': None, 'primary_color': 0}, 'color': 0}, {'version': 1757747810955, 'unicode_emoji': None, 'tags': {'bot_id': '1416320091737292953'}, 'position': 1, 'permissions': '2815076453444672', 'name': 'HSC_Bot', 'mentionable': False, 'managed': True, 'id': '1416321715180408855', 'icon': None, 'hoist': False, 'flags': 0, 'colors': {'tertiary_color': None, 'secondary_color': None, 'primary_color': 0}, 'color': 0}], 'stickers': [], 'features': [], 'owner_id': '888714509835980810', 'safety_alerts_channel_id': None, 'afk_timeout': 300, 'mfa_level': 0, 'id': '1416321594866794508', 'soundboard_sounds': [], 'region': 'deprecated', 'nsfw': False, 'application_id': None, 'premium_subscription_count': 0, 'owner_configured_content_level': 0, 'name': 'bot test', 'nsfw_level': 0, 'member_count': 2, 'premium_progress_bar_enabled': False, 'system_channel_id': '1416321595831615531', 'splash': None, 'inventory_settings': None, 'threads': [], 'hub_type': None, 'presences': [], 'joined_at': '2025-09-13T07:16:50.987000+00:00', 'lazy': True, 'unavailable': False, 'description': None, 'discovery_splash': None, 'guild_scheduled_events': [], 'home_header': None, 'premium_tier': 0, 'banner': None, 'emojis': [], 'icon': None, 'members': [{'user': {'username': 'HSC_Bot', 'public_flags': 0, 'primary_guild': None, 'id': '1416320091737292953', 'global_name': None, 'display_name_styles': None, 'display_name': None, 'discriminator': '9260', 'collectibles': None, 'bot': True, 'avatar_decoration_data': None, 'avatar': None}, 'roles': ['1416321715180408855'], 'premium_since': None, 'pending': False, 'nick': None, 'mute': False, 'joined_at': '2025-09-13T07:16:50.987000+00:00', 'flags': 0, 'deaf': False, 'communication_disabled_until': None, 'banner': None, 'avatar': None}], 'max_stage_video_channel_users': 50, 'application_command_counts': {}, 'default_message_notifications': 0, 'rules_channel_id': None, 'voice_states': [], 'stage_instances': [], 'verification_level': 0, 'activity_instances': [], 'vanity_url_code': None, 'system_channel_flags': 0, 'latest_onboarding_question_id': None, 'embedded_activities': [], 'version': 1757748607597, 'incidents_data': None, 'public_updates_channel_id': None, 'afk_channel_id': None, 'large': False}}
[2025-09-14 22:16:25] [DEBUG   ] discord.client: Dispatching event socket_event_type
[2025-09-14 22:16:25] [DEBUG   ] discord.gateway: For Shard ID None: WebSocket Event: {'t': 'GUILD_MEMBERS_CHUNK', 's': 3, 'op': 0, 'd': {'nonce': 'd172c58bf3db300f482829229a78e341', 'members': [{'user': {'username': 'terrificbamboo', 'public_flags': 0, 'primary_guild': None, 'id': '888714509835980810', 'global_name': 'TerrificBamboo', 'display_name_styles': None, 'display_name': 'TerrificBamboo', 'discriminator': '0', 'collectibles': None, 'bot': False, 'avatar_decoration_data': None, 'avatar': None}, 'roles': [], 'premium_since': None, 'pending': False, 'nick': None, 'mute': False, 'joined_at': '2025-09-13T07:16:22.288000+00:00', 'flags': 0, 'deaf': False, 'communication_disabled_until': None, 'banner': None, 'avatar': None}, {'user': {'username': 'HSC_Bot', 'public_flags': 0, 'primary_guild': None, 'id': '1416320091737292953', 'global_name': None, 'display_name_styles': None, 'display_name': None, 'discriminator': '9260', 'collectibles': None, 'bot': True, 'avatar_decoration_data': None, 'avatar': None}, 'roles': ['1416321715180408855'], 'premium_since': None, 'pending': False, 'nick': None, 'mute': False, 'joined_at': '2025-09-13T07:16:50.987000+00:00', 'flags': 0, 'deaf': False, 'communication_disabled_until': None, 'banner': None, 'avatar': None}], 'guild_id': '1416321594866794508', 'chunk_index': 0, 'chunk_count': 1}}
[2025-09-14 22:16:25] [DEBUG   ] discord.client: Dispatching event socket_event_type
[2025-09-14 22:16:25] [DEBUG   ] discord.state: Processed a chunk for 2 members in guild ID 1416321594866794508.
[2025-09-14 22:16:27] [DEBUG   ] discord.client: Dispatching event guild_available
[2025-09-14 22:16:27] [DEBUG   ] discord.client: Dispatching event ready
[2025-09-14 22:17:00] [ERROR   ] discord.ext.tasks: Unhandled exception in internal background task 'daily_message_task'.
Traceback (most recent call last):
  File "C:\Users\mohij\AppData\Local\Programs\Python\Python312\Lib\site-packages\discord\ext\tasks\__init__.py", line 246, in _loop
    await self.coro(*args, **kwargs)
  File "c:\Users\mohij\Documents\Mohijit\Baulkham Hills High School\BOT\Discord_Bot\main.py", line 134, in daily_message_task
    {list_comm_mod[count]}
                   ^^^^^
UnboundLocalError: cannot access local variable 'count' where it is not associated with a value
[2025-09-14 22:17:05] [DEBUG   ] discord.gateway: Keeping shard ID None websocket alive with sequence 3.
[2025-09-14 22:17:06] [DEBUG   ] discord.gateway: For Shard ID None: WebSocket Event: {'t': None, 's': None, 'op': 11, 'd': None}
[2025-09-14 22:17:47] [DEBUG   ] discord.gateway: Keeping shard ID None websocket alive with sequence 3.
[2025-09-14 22:17:47] [DEBUG   ] discord.gateway: For Shard ID None: WebSocket Event: {'t': None, 's': None, 'op': 11, 'd': None}
[2025-09-14 22:18:28] [DEBUG   ] discord.gateway: Keeping shard ID None websocket alive with sequence 3.
[2025-09-14 22:18:28] [DEBUG   ] discord.gateway: For Shard ID None: WebSocket Event: {'t': None, 's': None, 'op': 11, 'd': None}
[2025-09-14 22:19:09] [DEBUG   ] discord.gateway: Keeping shard ID None websocket alive with sequence 3.
[2025-09-14 22:19:09] [DEBUG   ] discord.gateway: For Shard ID None: WebSocket Event: {'t': None, 's': None, 'op': 11, 'd': None}
[2025-09-14 22:19:50] [DEBUG   ] discord.gateway: Keeping shard ID None websocket alive with sequence 3.
[2025-09-14 22:19:51] [DEBUG   ] discord.gateway: For Shard ID None: WebSocket Event: {'t': None, 's': None, 'op': 11, 'd': None}
[2025-09-14 22:20:32] [DEBUG   ] discord.gateway: Keeping shard ID None websocket alive with sequence 3.
[2025-09-14 22:20:32] [DEBUG   ] discord.gateway: For Shard ID None: WebSocket Event: {'t': None, 's': None, 'op': 11, 'd': None}
[2025-09-14 22:21:13] [DEBUG   ] discord.gateway: Keeping shard ID None websocket alive with sequence 3.
[2025-09-14 22:21:13] [DEBUG   ] discord.gateway: For Shard ID None: WebSocket Event: {'t': None, 's': None, 'op': 11, 'd': None}
[2025-09-14 22:21:54] [DEBUG   ] discord.gateway: Keeping shard ID None websocket alive with sequence 3.
[2025-09-14 22:21:54] [DEBUG   ] discord.gateway: For Shard ID None: WebSocket Event: {'t': None, 's': None, 'op': 11, 'd': None}
[2025-09-14 22:22:35] [DEBUG   ] discord.gateway: Keeping shard ID None websocket alive with sequence 3.
[2025-09-14 22:22:36] [DEBUG   ] discord.gateway: For Shard ID None: WebSocket Event: {'t': None, 's': None, 'op': 11, 'd': None}
[2025-09-14 22:23:17] [DEBUG   ] discord.gateway: Keeping shard ID None websocket alive with sequence 3.
[2025-09-14 22:23:17] [DEBUG   ] discord.gateway: For Shard ID None: WebSocket Event: {'t': None, 's': None, 'op': 11, 'd': None}
[2025-09-14 22:23:58] [DEBUG   ] discord.gateway: Keeping shard ID None websocket alive with sequence 3.
[2025-09-14 22:23:58] [DEBUG   ] discord.gateway: For Shard ID None: WebSocket Event: {'t': None, 's': None, 'op': 11, 'd': None}
[2025-09-14 22:24:39] [DEBUG   ] discord.gateway: Keeping shard ID None websocket alive with sequence 3.
[2025-09-14 22:24:39] [DEBUG   ] discord.gateway: For Shard ID None: WebSocket Event: {'t': None, 's': None, 'op': 11, 'd': None}
[2025-09-14 22:25:20] [DEBUG   ] discord.gateway: Keeping shard ID None websocket alive with sequence 3.
[2025-09-14 22:25:21] [DEBUG   ] discord.gateway: For Shard ID None: WebSocket Event: {'t': None, 's': None, 'op': 11, 'd': None}
[2025-09-14 22:26:02] [DEBUG   ] discord.gateway: Keeping shard ID None websocket alive with sequence 3.
[2025-09-14 22:26:02] [DEBUG   ] discord.gateway: For Shard ID None: WebSocket Event: {'t': None, 's': None, 'op': 11, 'd': None}
[2025-09-14 22:26:43] [DEBUG   ] discord.gateway: Keeping shard ID None websocket alive with sequence 3.
[2025-09-14 22:26:43] [DEBUG   ] discord.gateway: For Shard ID None: WebSocket Event: {'t': None, 's': None, 'op': 11, 'd': None}
[2025-09-14 22:27:24] [DEBUG   ] discord.gateway: Keeping shard ID None websocket alive with sequence 3.
[2025-09-14 22:27:24] [DEBUG   ] discord.gateway: For Shard ID None: WebSocket Event: {'t': None, 's': None, 'op': 11, 'd': None}
